1 100000 351
7 7 17
172133 199418 365
191069 17532 383
59426 84474 351
28706 81792 351
140881 77052 354
46780 117479 354
603 119241 354
177015 152442 383
135984 110151 349
10552 11687 268
85575 24273 351
104341 112994 354
180412 30748 383
10679 77024 340
177828 110595 383
89432 119810 354
38745 76847 340
105653 130847 354
2689 51383 324
11096 189431 383
21481 160739 383
45302 65230 340
4235 11745 268
35365 137656 354
59054 54266 322
13143 89374 351
132252 56632 354
100777 545 351
6235 7753 257
91367 104643 341
49948 110544 354
95784 47728 351
86458 132677 354
144205 54641 375
48036 177624 383
120598 166994 383
138541 121568 344
186060 197185 360
43467 66527 340
171582 108005 383
10817 91895 351
43421 187539 383
45395 51500 314
128026 132888 344
109161 139414 349
153398 68969 375
61206 79613 351
38184 61978 340
136454 128747 344
127386 27417 354
42620 33798 324
4068 106749 351
184211 142412 383
15770 153930 375
182492 161348 365
153893 188313 383
189123 40734 383
78218 183202 383
99812 130053 354
146810 77203 375
24922 3067 282
103296 146048 375
21754 1745 279
40433 137348 354
95813 110969 354
108808 104600 354
90944 63098 351
199362 157590 370
44210 87541 351
159665 4675 383
57828 105602 351
44420 90518 351
185284 87588 383
165687 37333 383
44634 11921 324
117159 107959 349
385196 167700 443
301329 361001 441
364120 348316 410
357026 441505 449
204995 204670 280
231673 189303 443
272540 314253 389
78740 217975 386
376250 57535 443
180832 437658 449
387985 373782 423
383721 129855 443
430442 290359 449
351468 99864 443
369488 217317 443
84610 16930 351
367612 230654 441
168481 459736 449
197438 77118 383
183264 165925 365
386374 415903 449
420137 200645 449
169737 293701 443
436040 180795 449
60011 448672 449
368558 338329 441
403554 330654 441
159375 151725 383
116895 308859 443
109223 186160 383
278003 494675 449
1363 323252 443
458924 24420 449
76577 454674 449
243971 421458 449
409324 44728 443
177 402613 443
399575 133453 443
334732 489104 449
800000 999999 525
295564 631580 509
766935 184892 509
315434 28327 443
203462 173048 365
373931 859524 525
152488 191031 383
723202 544551 509
132358 275098 443
93455 432012 449
318551 828913 509
567553 995044 525
199890 173211 365
292382 462662 449
148188 348164 443
67492 703937 509
562566 378562 470
356642 197135 443
290591 862213 525
698606 211763 509
347620 793446 509
481526 244936 449
668181 900904 525
168631 177784 347
136768 716614 509
12519 219112 386
529399 425592 470
823796 11275 509
659549 433600 509
115375 95736 354
818777 275197 509
740542 533715 509
105650 102463 310
805812 987664 525
109686 936444 525
736306 716817 424
356643 944766 525
359929 566168 470
386625 863413 525
38333 623498 470
298129 981430 525
587089 623672 447
839667 590594 525
958236 46698 525
594751 929643 525
25748 957944 525
646159 890072 525
195059 444354 449
204204 57403 383
751254 719742 424
237710 796541 509
543200 549148 452
656 646225 509
825016 519950 509
361350 697908 509
268430 418382 449
908646 729628 525
335251 725670 509
258557 994463 525
775342 2202 509
283103 454032 449
269361 77123 443
166296 445574 449
5944 481415 449
501013 395380 449
356612 566309 470
535991 814965 509
213720 931355 525
576802 135425 470
49923 371408 443
90817 361499 443
539145 877764 525
760675 324850 509
681747 932707 525
515669 520285 439
777108 454372 509
