1 10 20
100 200 125
201 210 89
900 1000 174
1 999999 525
1 77031 351
77031 106239 354
106239 142587 375
410011 999999 525
410010 511934 449
15000 410000 443
1 1 1
999999 999999 259
10 1 20
200 100 125
201 210 89
1000 900 174
999999 1 525
239428 598700 470
427389 884697 525
980366 971487 383
28969 984335 525
520752 175905 470
738633 308117 509
510797 641953 509
60481 528302 470
290295 662463 509
431657 574692 470
368271 356883 410
164706 783581 509
611965 942144 525
82678 431658 449
655915 220681 509
41819 830646 509
694212 787649 504
413379 901580 525
883450 632642 525
614335 168785 470
98712 396928 443
220935 748402 509
86597 499376 449
575963 10783 470
725228 131739 509
158928 664906 509
622677 47298 470
328230 87886 443
606443 70253 470
214782 459121 449
452300 730051 509
67518 932418 525
329456 815453 509
669352 636932 442
827299 477006 509
443273 814247 509
555712 166673 470
753785 70428 509
543336 303413 470
955334 909045 507
687344 888302 525
861712 508957 525
795297 671529 504
618370 861427 525
484369 947890 525
773658 356185 509
880640 17373 525
629486 367968 509
662669 451170 509
14638 314583 443
801576 538929 509
140639 805757 509
628719 211230 509
44244 268779 443
11938 589284 470
295875 98592 443
230476 384781 443
522004 217175 470
696248 464873 509
342647 957275 525
205383 249551 443
400333 316606 441
950429 815159 525
553015 201858 470
452826 21978 449
936616 329280 525
474290 373117 449
451998 934029 525
922831 979476 507
752297 473826 509
50234 888326 525
507006 744805 509
868039 572586 525
39051 535580 470
626136 6101 470
400936 78511 443
730024 538457 509
727081 45064 509
610118 931950 525
778714 972748 525
658176 888813 525
70223 675421 509
828140 691575 504
544637 992093 525
507706 843930 525
315686 799246 509
996901 246029 525
24204 656218 509
147419 699151 509
566784 67576 470
542450 148256 470
644417 451389 509
726806 138267 509
313152 760940 509
58271 417558 449
608277 640100 509
801731 234972 509
388120 263517 441
869650 316333 525
618202 572909 447
580577 449692 470
179006 791471 509
917616 610534 525
212129 832536 509
338341 115965 443
839052 800096 525
314392 772494 509
513402 42241 470
346128 619755 470
328934 784900 509
458382 698622 509
341817 579868 470
653664 7646 509
784804 233753 509
8174 98273 351
47952 544053 470
706828 519395 509
322624 351717 441
492959 683872 509
703346 738580 504
890024 293961 525
825817 519776 509
825593 655956 504
17358 547188 470
442514 714995 509
681602 644030 442
663492 891638 525
715743 339173 509
634137 788643 504
658188 191397 509
789002 193390 509
909600 743527 525
643294 167469 509
529804 919178 525
125481 981260 525
886788 991779 507
123369 837161 509
592237 220415 470
234117 60291 443
559930 513392 452
862514 902490 445
462234 337424 449
576770 161203 470
681385 243234 509
96315 787451 509
89904 615669 470
115901 562303 470
592336 657984 509
433630 494720 444
855428 811546 525
992739 811491 525
381823 956509 525
671649 122523 509
29434 857816 525
115369 723820 509
