1 10 20
100 200 125
201 210 89
900 1000 174
500 1500 182
1000 2001 182
1 1 1
1 2 2
1 3 8
1 4 8
1 5 8
1 6 9
1 7 17
1 8 17
8 1 17
7 1 17
6 1 9
5 1 8
4 1 8
3 1 8
2 1 2
10 1 20
1 999999 525
1 4 8
2 4 8
3 4 8
4 4 3
200 300 128
300 400 144
400 500 142
500 600 137
600 700 145
700 800 171
800 900 179
1000 1000 112
10000 10000 30
100000 100000 129
8 8 4
9 9 20
10 10 7
1 9 20
96 96 13
97 97 119
98 98 26
1 100 119
870 870 29
871 871 179
872 872 117
1 1000 179
6170 6170 37
6171 6171 262
6172 6172 112
1 10000 262
77030 77030 108
77031 77031 351
77032 77032 77
1 100000 351
837798 837798 132
837799 837799 525
837800 837800 145
100000 200000 383
200000 300000 443
300000 400000 441
400000 500000 449
500000 600000 470
600000 700000 509
700000 800000 504
800000 900000 525
900000 999999 507
999999 900000 507
900000 800000 525
800000 700000 504
700000 600000 509
600000 500000 470
500000 400000 449
400000 300000 441
300000 200000 443
200000 100000 383
1000000 1 525
50 100 119
100 150 122
150 200 125
200 250 128
250 300 123
300 350 144
350 400 126
400 450 134
450 500 142
500 550 137
550 600 137
600 650 145
650 700 145
700 750 171
750 800 153
800 850 135
850 900 179
900 950 174
950 1000 143
1 500000 449
500000 999999 525
1999 4001 238
2999 6001 238
3999 8001 262
4999 10001 262
9999 20001 279
19999 40001 324
99999 200001 383
999999 1 525
243244 234894 443
987496 234789 525
983475 454835 525
578328 878239 525
584372 934889 525
982374 928374 507
109234 234897 443
982347 723468 525
862893 864298 344
658734 862347 525
