1 149 122
1 51 112
120 3 119
1500 3000 217
1 999999 525
999999 999999 259
923430 201581 525
28948 638050 509
144122 753277 509
843026 994389 507
278548 636800 509
140235 44755 354
909869 153687 525
263907 232125 407
273632 89149 443
424662 980158 525
148562 428266 449
734703 341367 509
901790 29249 525
195394 294699 443
799550 948399 525
351304 52398 443
321448 36370 443
222605 391710 443
372612 215098 443
567559 188709 470
504279 320888 449
940174 192222 525
909930 502510 525
319971 22511 443
222113 961641 525
597656 212318 470
494012 246591 449
236958 875032 525
46014 222382 386
849177 103241 525
361500 602832 470
993671 555311 525
971600 809378 525
260602 993959 525
409989 809635 509
89855 818991 509
342642 895802 525
94829 493228 449
140710 20467 354
350079 665190 509
89305 725559 509
869694 611388 525
406462 849519 525
222580 647777 509
925890 175671 525
289719 393113 441
897838 127016 525
212199 52249 383
323197 666719 509
576352 639491 509
609678 738214 509
836070 11972 509
213178 543087 470
967514 538930 525
461868 787639 509
458460 512579 470
44645 166146 383
517307 870209 525
967993 193977 525
442701 104361 449
213164 777234 509
977075 64809 525
411638 17478 449
440678 975231 525
362484 543669 470
560047 551807 421
462850 390436 449
287305 496038 449
385367 582300 470
738239 806364 468
992467 229241 525
925833 407231 525
595176 693769 509
180447 199875 365
790360 607767 509
633500 931551 525
144988 35871 375
767208 418786 509
873855 793300 525
444922 340956 449
871311 777217 525
210746 334434 443
819848 15578 509
827993 690576 504
360289 233772 441
13156 195335 383
441311 72790 449
105717 323066 443
822131 455930 509
215785 357881 443
345930 379217 441
553954 975638 525
747980 317266 509
155284 161138 383
747995 625273 509
721968 514793 509
43039 279615 443
316111 278793 389
454072 584012 470
156076 660620 509
709200 709350 274
131100 131250 300
577800 577950 235
753900 754050 256
110700 110850 230
853650 853800 269
855000 855150 251
950700 950850 246
633450 633600 310
502500 502650 320
584550 584700 297
404400 404550 281
891000 891150 295
489750 489900 276
421950 422100 312
253050 253200 301
835200 835350 295
224700 224850 231
857400 857550 282
373950 374100 317
270000 270150 226
423800 423950 250
203900 204050 280
73500 73650 232
616100 616250 372
456600 456750 245
693900 694050 305
909400 909550 233
670000 670150 323
349500 349650 304
883600 883750 282
168000 168150 228
451100 451250 307
631700 631850 266
183100 183250 254
232800 232950 275
370300 370450 286
742800 742950 318
118100 118250 336
371900 372050 317
526150 526156 227
129576 129595 194
315068 315135 278
415960 416085 281
453894 453997 232
26780 26846 246
96239 96361 209
490860 490883 214
196519 196572 267
895575 895673 326
549690 549783 240
917850 917887 202
421255 421341 242
621798 621894 372
736848 736996 318
45402 45498 208
764047 764068 287
998294 998301 215
295426 295556 234
688925 688987 292
210205 210287 249
463237 463241 170
507581 507601 227
965983 966057 246
823066 823099 282
361681 361691 92
925478 925503 202
530888 530935 271
165784 165835 259
850985 851023 357
306553 306613 159
428019 428101 281
949390 949448 246
370429 370515 286
769183 769239 287
227546 227548 200
725656 725740 225
541810 541866 271
822870 822894 194
475966 475982 152
786028 786028 194
271849 271849 177
467152 467152 51
458762 458762 108
641000 641000 72
995603 995603 122
29179 29179 104
277780 277780 84
683766 683766 106
432209 432209 188
665977 682018 398
