884739 692083 525
306405 105295 443
628383 966955 525
418582 436110 418
285356 28517 443
743660 869703 525
666096 128062 509
122963 359756 443
548615 746272 509
611934 690205 509
287052 568055 470
58534 686494 509
869934 33146 525
455058 402228 449
816324 400353 509
966828 448323 525
413817 600445 470
5364 650165 509
447259 883683 525
103481 908377 525
545860 253421 470
661727 502861 509
356167 100059 443
665627 897342 525
292723 679751 509
720101 4513 509
730358 565486 509
409586 109956 443
107668 626188 470
758499 199164 509
355872 31199 443
209459 342037 443
65417 770191 509
291127 137509 443
954387 410485 525
20951 974899 525
749666 972466 525
617289 923100 525
80026 314398 443
803146 286911 509
591952 127873 470
502381 942284 525
491233 501586 426
49249 8518 324
233518 554154 470
66761 287070 443
320171 125496 443
485211 748023 509
470829 655598 509
864674 565530 525
880675 41796 525
777107 625595 509
259298 713121 509
741691 870659 525
573222 174132 470
5998 303539 443
879271 779821 525
308538 2319 443
388136 555047 470
317186 985296 525
743653 365299 509
118271 390797 443
325972 580413 470
948274 619621 525
105132 603889 470
530117 109127 470
969981 639770 525
149449 770096 509
837250 16167 509
985894 54731 525
79132 633581 509
535474 839606 525
364855 296882 441
285914 874872 525
699137 782825 504
474631 500860 426
149456 540218 470
872664 754473 525
852827 551436 525
888609 146769 525
673755 169754 509
862806 280819 525
974227 53930 525
572104 8277 470
51205 175308 383
387451 579348 470
342168 502027 449
760436 847681 525
844618 91947 525
293529 761145 509
928560 652046 525
979993 882156 507
606597 350848 470
224034 696968 509
29038 613930 470
216322 526356 470
247995 567070 470
176279 765449 509
130178 482044 449
377170 369047 423
386463 691280 509
152201 206930 383
995511 759695 525
787084 129341 509
549127 41520 470
911510 832490 525
847225 107427 525
674243 517404 509
265406 350023 441
257853 418120 449
888076 438594 525
596936 635841 509
655936 832380 504
529576 851218 525
460532 418483 418
833421 755185 468
318161 26852 443
915157 688166 525
589811 976646 525
627449 175965 509
697967 581514 509
397453 357688 436
246243 583987 470
148824 161769 383
861515 116192 525
647847 668866 442
196600 581551 470
853620 903447 445
863502 107428 525
659289 259417 509
906402 244848 525
95060 913610 525
286773 428401 449
565430 749654 509
689642 399266 509
434306 520342 470
895922 851501 445
422097 428908 418
495264 451529 444
429247 462260 444
651584 782646 504
24181 817463 509
183079 929213 525
163426 24151 383
390304 86181 443
157724 67918 383
648487 206119 509
956401 642748 525
948565 739695 525
233881 664050 509
