57945 514806 470
516019 471154 470
850572 591344 525
435267 96610 449
731724 365414 509
756441 808287 468
41335 737597 509
182978 958257 525
806246 223399 509
686454 848170 525
449621 306422 449
657029 92828 509
346778 726586 509
530146 173656 470
432386 917635 525
826852 913990 525
765464 464805 509
473997 432704 444
983571 326151 525
207856 508253 449
757654 687585 504
563695 736887 509
971259 12504 525
766333 527127 509
232714 815497 509
700345 739478 504
484442 140546 449
590995 387421 470
783846 948036 525
935355 191692 525
476117 586768 470
992851 149186 525
331315 11934 443
642554 409237 509
725256 122566 509
572882 737854 509
149442 494740 449
749999 255255 509
117726 587114 470
739692 935125 525
189753 154 383
481447 471965 413
584603 212001 470
643974 599584 509
539862 198768 470
784465 86910 509
589984 668797 509
291734 779553 509
770070 111483 509
782931 450220 509
707743 647545 504
687958 842763 525
92755 539533 470
179901 43609 383
284576 666893 509
516946 983678 525
169499 863788 525
917149 391774 525
373573 31577 443
768724 348547 509
51622 32478 324
760285 165696 509
578988 141045 470
797683 334655 509
474097 483639 413
407980 915751 525
866749 928258 476
349635 413071 449
44886 191769 383
289355 236679 407
605033 737849 509
351750 87637 443
681810 984734 525
844535 525239 525
773382 716939 468
676850 382346 509
766350 213987 509
992043 222302 525
350298 828851 509
843829 446266 525
590981 629104 509
878974 295240 525
625974 632526 509
862544 272070 525
772741 662511 504
103836 637496 509
133213 547481 470
10696 483469 449
676774 511221 509
393331 662877 509
272126 692600 509
354610 832865 509
781146 350490 509
121931 920131 525
177098 267517 443
961625 418560 525
559921 917065 525
953561 993444 458
636565 980225 525
887286 806735 525
442034 257538 449
506501 887283 525
58062 192214 383
133407 57689 354
862123 352432 525
622767 435082 470
663290 474802 509
241764 899358 525
956609 27302 525
117365 680860 509
81021 130966 354
613666 303159 470
886048 792632 525
646545 359836 509
897751 889820 370
790618 500692 509
875200 338464 525
851009 137241 525
23486 449681 449
223895 244442 443
145662 232318 443
870294 821400 525
73677 258923 443
479550 79967 449
465282 250727 449
362954 513222 470
707103 671788 504
120825 519628 470
9075 281984 443
148999 905510 525
866594 490176 525
258695 864761 525
735581 389361 509
994201 266118 525
768678 744589 468
580574 776752 509
610995 230033 470
482667 417259 444
171010 909347 525
745647 43556 509
661712 507913 509
678878 960792 525
329503 95405 443
890092 749453 525
237739 802438 509
793127 534891 509
87842 661248 509
954603 35350 525
50693 902648 525
722506 369859 509
338419 309105 384
973837 676153 525
971524 588374 525
255179 257804 345
43100 57848 340
777614 110213 509
958748 637157 525
362987 845815 525
846717 541732 525
180148 437248 449
486168 318413 449
291095 954074 525
822555 88326 509
457398 104811 449
243479 877839 525
743272 842460 525
402069 207593 443
356699 622737 470
301903 663154 509
333905 933853 525
