233002 430111 449
575046 44387 470
761964 377391 509
399440 524515 470
445430 974652 525
594575 131008 470
81134 458145 449
410947 386816 449
681570 505766 509
16166 411284 449
566157 889789 525
917504 183982 525
230363 864880 525
219892 281061 443
955814 631942 525
672630 203481 509
177256 732514 509
37940 287135 443
353198 931380 525
784474 439650 509
649071 565188 509
791872 310062 509
103923 681895 509
76756 359358 443
825530 351846 509
937712 453793 525
634555 166871 509
618391 686695 509
221961 282197 443
896169 573550 525
734043 661905 504
387025 685212 509
647231 539597 509
837336 131510 509
197184 764048 509
161400 395166 443
586258 864012 525
868603 786618 525
545880 41011 470
940651 126575 525
835920 23917 509
645894 70487 509
636753 112511 509
573438 875118 525
502581 312314 449
72097 309468 443
195256 49734 383
940847 428833 525
365002 322048 441
100945 546280 470
526892 155288 470
397013 284675 441
515727 532040 439
10391 957834 525
30848 631540 509
874945 745425 525
478132 770099 509
120845 436362 449
74176 968219 525
533771 999454 525
74114 707417 509
913627 649599 525
530150 500045 470
895903 950103 507
624050 415104 470
538440 286760 470
471922 893876 525
618339 716851 509
149907 259440 443
934349 888509 476
388092 757278 509
368935 305263 441
290869 338862 384
943286 968874 414
298039 834514 509
673878 784315 504
990735 435135 525
848665 629939 525
896581 556904 525
514836 899930 525
89252 572562 470
284869 116841 443
703794 683115 442
602428 428983 470
423381 475000 444
683622 935591 525
266101 10220 443
461198 899674 525
318418 234038 407
545145 811010 509
102898 69179 351
542173 583808 452
591169 206981 470
809918 855304 525
461452 73908 449
743207 839951 525
51945 428218 449
87290 679824 509
237287 285812 407
503245 857353 525
