645687 185700 509
524885 954762 525
313557 52496 443
810547 427971 509
484838 142680 449
352903 251399 441
766368 180547 509
74157 90764 351
628737 498789 509
259064 437850 449
550676 75140 470
535967 858534 525
384058 782596 509
784086 688734 504
422685 479224 444
547066 864982 525
610618 939969 525
26706 42334 324
477465 86724 449
575759 947735 525
443233 895539 525
370199 346670 410
596746 428109 470
59412 568767 470
388718 863963 525
138998 700639 509
373863 652702 509
165420 110534 383
10824 132060 354
280378 73745 443
702065 782203 504
3569 246985 443
363593 934045 525
567874 343327 470
564384 410980 470
965129 900989 507
574736 138044 470
516716 216983 470
853788 797254 525
324009 862882 525
149827 205128 383
251792 743696 509
962567 285799 525
90112 853064 525
939120 191882 525
113315 47920 354
499250 727195 509
283444 857680 525
942677 382977 525
109561 626675 509
234335 227531 443
526834 245653 470
852010 627533 525
670306 581566 509
988365 258919 525
266481 593014 470
136961 613911 470
409192 102211 443
216279 663444 509
572969 862304 525
793394 869044 525
685475 21615 509
444175 900442 525
951061 858489 507
108137 515508 470
35266 16207 311
72238 333651 443
86775 444266 449
729277 690693 504
649418 297324 509
601755 440947 470
66681 719455 509
207631 229409 386
138631 889304 525
282888 71297 443
464623 995532 525
560837 392200 470
888948 451776 525
670476 809113 504
417253 613643 470
790015 146931 509
135235 721081 509
470068 968198 525
398582 498115 449
439082 175528 449
110194 127105 349
91363 40334 351
935103 473447 525
447912 195156 449
853662 37876 525
720294 300928 509
933837 902986 476
527155 813963 509
580573 724274 509
65706 989508 525
227606 699872 509
425446 3419 449
791203 731971 468
384679 754388 509
783573 600751 509
999413 581635 525
717701 694650 504
44670 137079 354
583129 636924 509
484395 845201 525
582808 526335 452
142450 51795 354
213363 838066 525
512129 584353 452
572950 350089 470
146242 814472 509
346217 957795 525
302386 552974 470
735368 719898 411
437342 583574 470
402129 861081 525
563226 246653 470
180908 652930 509
790731 342570 509
858652 524858 525
905307 323796 525
235197 798579 509
547340 661082 509
710316 667273 504
121228 383106 443
185555 308286 443
874597 709932 525
354554 73456 443
803199 830927 450
582978 105797 470
441594 590319 470
575452 872595 525
106863 773680 509
72400 533321 470
664254 721619 504
630088 998971 525
583110 516250 452
856725 391124 525
956752 961917 414
903585 17840 525
870507 930607 476
556180 863976 525
374177 415088 449
357270 870193 525
397000 591143 470
272416 443420 449
660162 125393 509
68081 594944 470
435167 472991 444
671371 358853 509
