9 18 21
18 18 21
17 17 13
1000000 1000000 153
1 1000001 525
1 1000 179
1000 1 179
2 2 2
3 3 8
6 6 9
7 7 17
9 9 20
18 18 21
25 25 24
27 27 112
54 54 113
73 73 116
97 97 119
129 129 122
171 171 125
231 231 128
313 313 131
327 327 144
649 649 145
703 703 171
871 871 179
1161 1161 182
2223 2223 183
2463 2463 209
2919 2919 217
3711 3711 238
6171 6171 262
10971 10971 268
13255 13255 276
17647 17647 279
23529 23529 282
26623 26623 308
34239 34239 311
35655 35655 324
52527 52527 340
77031 77031 351
106239 106239 354
142587 142587 375
156159 156159 383
216367 216367 386
230631 230631 443
410011 410011 449
511935 511935 470
626331 626331 509
837799 837799 525
3 3 8
4 4 3
7 7 17
8 8 4
10 10 7
19 19 21
26 26 11
28 28 19
55 55 113
74 74 23
98 98 26
130 130 29
172 172 32
232 232 22
314 314 38
328 328 113
650 650 26
704 704 21
872 872 117
1162 1162 120
2224 2224 46
2464 2464 28
2920 2920 98
3712 3712 26
6172 6172 112
10972 10972 118
13256 13256 77
17648 17648 49
23530 23530 52
26624 26624 21
34240 34240 29
35656 35656 50
52528 52528 79
77032 77032 77
106240 106240 142
142588 142588 176
156160 156160 47
216368 216368 94
230632 230632 76
410012 410012 82
511936 511936 196
626332 626332 111
837800 837800 145
1 1 1
2 2 2
5 5 6
6 6 9
8 8 4
17 17 13
24 24 11
26 26 11
53 53 12
72 72 23
96 96 13
128 128 8
170 170 11
230 230 35
312 312 38
326 326 25
648 648 26
702 702 83
870 870 29
1160 1160 120
2222 2222 33
2462 2462 72
2918 2918 36
3710 3710 119
6170 6170 37
10970 10970 118
13254 13254 95
17646 17646 49
23528 23528 52
26622 26622 171
34238 34238 81
35654 35654 50
52526 52526 79
77030 77030 108
106238 106238 80
142586 142586 176
156158 156158 65
216366 216366 94
230630 230630 81
410010 410010 82
511934 511934 103
626330 626330 111
837798 837798 132
1 1000 179
1001 2000 182
2001 3000 217
3001 4000 238
4001 5000 215
99000 1000000 525
1 837798 509
2 3 8
5 4 6
6 7 17
8 8 4
17 10 18
24 19 21
26 26 11
53 28 110
72 55 113
96 74 111
128 98 114
170 130 117
230 172 120
312 232 128
326 314 100
648 328 142
702 650 145
870 704 153
1160 872 174
2222 1162 180
2462 2224 183
2918 2464 191
3710 2920 207
6170 3712 236
10970 6172 260
13254 10972 263
17646 13256 271
23528 17648 279
26622 23530 277
34238 26624 285
35654 34240 311
52526 35656 314
77030 52528 335
106238 77032 341
142586 106240 349
156158 142588 370
216366 156160 373
230630 216368 368
410010 230632 441
511934 410012 444
626330 511936 452
837798 626332 504
