485797 306102 449
568269 517937 452
347763 652654 509
308012 499009 449
136415 276041 443
323381 188785 443
328433 524323 470
703347 917708 525
854553 311334 525
897783 115735 525
615424 485143 470
925215 363903 525
351198 259624 441
9781 737353 509
380954 806261 509
267846 639225 509
684547 469373 509
413857 101942 449
843471 962538 507
940610 69586 525
937426 349934 525
638074 66733 509
329704 232809 407
244294 139539 443
993311 490867 525
655225 254269 509
515361 406062 470
577205 439943 470
773393 723127 468
760959 938284 525
783250 678424 504
410129 108437 449
119083 106521 349
803156 679155 504
258412 492764 449
433507 123188 449
764861 162530 509
78136 421382 449
223287 980899 525
703986 74105 509
303744 374042 441
883183 420080 525
178941 954216 525
221258 543058 470
933894 828225 525
103465 703657 509
252160 185532 443
783373 69493 509
952850 122834 525
163628 731176 509
625884 988745 525
417302 403544 449
917059 319943 525
275644 796620 509
360247 420932 449
661519 647338 429
292721 274432 389
573172 42256 470
644266 761251 504
359241 747571 509
73640 396527 443
291649 260600 407
951475 720452 525
203933 828485 509
495718 33885 449
276852 484808 449
65656 835253 509
493304 308280 449
639937 622550 509
340959 371389 441
135808 893657 525
345923 16814 443
22345 677481 509
442472 556152 470
772715 665711 504
343661 881340 525
724753 665499 504
764242 381484 509
724930 18863 509
796414 449904 509
508603 265226 449
617343 27590 470
958078 834462 525
14349 151390 375
456776 886590 525
141980 984556 525
966736 749891 525
429456 534428 470
417821 756949 509
263029 47451 443
803162 99434 509
555838 857527 525
819784 615746 509
112562 237921 443
266851 413260 449
354850 311013 441
522168 418036 470
499436 708244 509
326795 798127 509
734018 503264 509
865989 643036 525
560902 272063 470
616780 853008 525
46477 388238 443
786119 800358 468
106401 613110 470
21947 203955 383
547751 506007 470
551072 770789 509
300662 38440 443
411431 67828 449
46773 509890 449
285386 181801 443
731701 304080 509
859424 375435 525
177327 760517 509
358714 864370 525
942199 343279 525
509892 270825 449
410848 784302 509
215528 381977 443
741437 929925 525
592870 322823 470
137957 77230 354
747559 139587 509
691799 950126 525
624815 972467 525
910438 49561 525
398104 377512 436
312491 259966 407
545563 134637 470
408552 600405 470
446630 51056 449
165913 557868 470
20977 303462 443
912716 359549 525
336803 140272 443
423190 434529 418
365098 232969 441
756670 816066 468
116691 889907 525
308630 56411 443
373823 738755 509
844929 211582 525
317646 998707 525
509202 124798 449
543463 329903 470
440407 240549 449
153113 340535 443
590019 965327 525
98707 798278 509
544794 829186 509
490474 776455 509
97514 394232 443
114866 360260 443
707360 735610 411
292344 256795 407
83536 885714 525
496246 510978 426
162177 335798 443
209000 216426 386
889845 92637 525
356601 161972 443
592749 356430 470
100638 204152 383
3254 91541 351
883870 112575 525
268237 665398 509
530098 207695 470
220171 729160 509
714018 353850 509
591485 849788 525
186887 489654 449
746835 134288 509
711990 245689 509
867881 165176 525
697244 635426 442
98021 266658 443
864891 576859 525
682769 396917 509
910510 939058 476
888437 254218 525
710776 59321 509
63400 498014 449
968678 300967 525
746180 825010 468
985592 558662 525
674937 862084 525
416575 643567 509
346113 655867 509
163691 382355 443
670490 608726 509
876995 984698 507
209554 59117 383
49733 371607 443
232358 642426 509
328942 212752 443
798936 331416 509
552936 33183 470
242636 811584 509