1 1 1
1 2 2
1 3 8
1 10 20
10 1 20
10 10 7
2 2 2
2 1 2
999998 999999 259
999999 999999 259
678345 765467 504
2424 878787 525
2 4 8
4 8 17
8 16 20
16 32 112
32 64 113
64 128 119
128 256 128
256 512 144
1024 2048 182
2048 1024 182
512 256 144
256 128 128
128 64 119
64 32 113
32 16 112
16 8 20
8 4 17
4 2 8
2 1 2
123456 234567 443
123456 123457 88
345678 456789 449
345678 345679 159
567890 678901 509
567890 567891 85
789012 890123 525
789012 789013 194
901234 999999 507
901234 901235 88
100 49 119
100 50 119
100 51 119
200 99 125
200 100 125
200 101 125
300 149 128
300 150 128
300 151 128
400 199 144
400 200 144
400 201 144
500 249 144
500 250 144
500 251 144
600 299 144
600 300 144
600 301 144
700 349 145
700 350 145
700 351 145
800 399 171
800 400 171
800 401 171
900 449 179
900 450 179
900 451 179
1000 499 179
1000 500 179
1000 501 179
5000 10000 262
5000 20000 279
5000 40000 324
5000 80000 351
5000 160000 383
5000 320000 443
5000 640000 509
10000 5000 262
5000 2500 238
2500 1250 209
625 312 144
312 156 128
156 78 122
78 39 116
20 10 21
5 2 8
100 101 26
101 102 26
102 103 88
103 104 88
104 105 39
105 106 39
106 107 101
107 108 114
108 109 114
109 110 114
110 111 114
111 112 70
112 113 21
113 114 34
114 115 34
115 116 34
116 117 21
117 118 34
118 119 34
119 120 34
4000 1000 238
4000 500 238
4000 250 238
4000 125 238
999999 1 525
1 999999 525
123 124 109
123 125 109
123 126 109
123 127 109
123 128 109
123 129 122
123 130 122
122 124 109
122 125 109
122 126 109
122 127 109
122 128 109
122 129 122
122 130 122
