1 10 20
100 200 125
201 210 89
900 1000 174
467416 587672 470
111509 471686 449
339669 887004 525
812740 999665 525
258199 871924 525
200209 612100 470
320701 945986 525
184555 842659 525
4258 579731 470
840123 852183 419
144934 160386 383
9993 226318 386
343139 393893 441
165720 260285 443
337330 369403 441
534624 652922 509
177660 985422 525
480668 872485 525
629142 743088 504
151119 760546 509
500603 638154 509
237717 332666 407
209818 710662 509
51541 612071 470
13249 531259 470
661243 679401 442
529455 572667 452
147287 355663 443
307854 676091 509
1624 571110 470
627888 920210 525
8641 438111 449
809318 963752 525
192282 906765 525
27227 718481 509
190172 578661 470
165792 274272 443
42976 702532 509
200259 346806 443
157471 278116 443
74963 91868 351
241322 822872 509
63938 727721 509
187964 728086 509
368557 556568 470
374742 572123 470
40010 431795 449
159188 356549 443
478705 997533 525
30482 762159 509
131109 384444 443
368808 912627 525
446403 821716 509
343643 940549 525
300187 770359 509
75301 773332 509
397112 959107 525
116917 907263 525
372211 901242 525
889823 989463 507
285377 976462 525
217961 780846 509
72169 312369 443
768434 979900 525
69945 888324 525
114126 574887 470
76228 957654 525
251471 449532 449
60909 769610 509
382806 588834 470
188758 428548 449
605591 805080 509
82953 167788 383
168858 278828 443
123090 424875 449
423775 728459 509
4531 493773 449
428377 528206 470
557180 813508 509
352858 980177 525
494258 595302 470
903304 930809 476
271049 304974 389
131811 493853 449
8512 258791 443
46599 326885 443
608792 898374 525
541006 632448 509
285445 313430 389
259999 719374 509
158991 622454 470
930086 938818 507
130198 139821 344
480001 806881 509
236371 879982 525
158509 392882 443
119673 892352 525
251836 297672 407
573759 757523 509
719864 891800 525
53494 783697 509
553775 707234 509
326372 703441 509
121212 167835 383
88065 208526 383
285417 392160 441
204945 370236 443
32314 430226 449
70567 674407 509
591414 791491 509
