10001 10970 255
12001 13254 263
14001 14694 209
16001 17646 266
18001 19592 261
20001 21941 256
22001 23528 269
24001 24683 251
26001 26622 277
28001 29256 259
30001 31418 272
32001 32414 254
34001 35654 311
36001 37502 262
38001 39934 275
40001 40958 275
42001 42248 226
44001 45126 283
46001 47328 283
48001 48926 265
50001 51358 278
52001 52526 278
56001 56094 260
58001 59902 273
60001 60974 317
62001 63386 317
64001 64254 255
66001 67690 281
68001 68186 268
72001 73062 263
74001 74790 294
76001 77030 307
78001 78790 307
80001 80224 289
82001 82664 307
84001 84142 258
86001 87086 302
88001 88058 271
90001 91462 315
92001 92998 302
94001 95080 315
96001 96382 253
98001 99066 284
100001 100166 310
102001 102280 266
104001 105053 310
106001 106238 279
108001 109880 292
110001 111450 292
112001 112186 261
114001 115546 305
116001 116550 230
118001 118186 274
122001 123390 318
124001 125382 287
126001 126773 318
128001 129990 331
130001 130630 300
132001 132088 287
134001 135110 300
136001 137194 313
138001 138350 282
140001 140072 282
142001 142586 300
144001 144282 251
146001 146598 295
148001 148600 295
150001 150014 308
152001 152305 277
154001 154061 189
156001 156158 277
158001 159358 321
160001 160410 290
162001 162600 321
164001 164520 290
166001 166010 91
168001 169032 321
170001 171000 290
172001 173320 303
174001 174173 228
176001 176117 272
178001 178074 303
180001 180462 285
182001 182925 316
184001 185086 316
186001 186762 316
188001 189854 316
190001 190160 285
192001 192710 329
194001 195464 342
196001 196654 267
198001 198133 285
200001 200333 311
202001 202470 298
204001 205416 311
206001 206846 342
208001 208622 298
210001 211050 342
212001 213880 355
216001 216366 324
218001 219898 337
220001 221352 324
222001 222901 293
224001 225022 324
226001 226586 262
228001 228398 337
230001 230630 306
232001 233190 337
234001 234238 275
236001 237432 337
238001 239038 306
240001 240616 293
246001 247386 332
248001 249016 288
250001 250362 319
252001 253547 319
254001 254910 288
256001 257000 332
258001 259981 301
260001 260846 319
262001 263102 301
264001 264177 301
266001 267112 314
268001 269082 301
270001 270270 345
272001 273888 314
274001 275238 332
276001 277614 314
278001 278310 301
280001 281400 345
282001 283304 314
284001 285173 358
286001 287338 314
288001 288488 327
290001 290726 283
292001 293197 340
294001 295130 296
296001 296390 265
298001 298842 265
302001 302718 296
304001 304000 340
306001 306400 278
308001 308070 190
310001 310270 265
312001 312317 278
314001 315163 278
316001 316576 322
318001 318717 309
320001 320821 353
322001 323198 309
324001 324550 322
326001 327386 291
328001 329150 335
332001 332021 167
334001 334353 291
336001 336198 260
338001 339880 335
340001 341670 304
342001 342598 335
344001 345946 304
346001 346641 304
348001 349786 335
350001 351358 335
352001 352235 291
354001 355142 348
358001 358062 242
360001 360360 348
362001 362342 242
364001 365184 317
366001 366984 317
368001 369566 348
370001 370152 255
372001 373525 317
374001 375200 330
376001 376602 317
378001 379206 330
380001 380232 242
382001 382366 317
384001 385421 330
388001 389190 330
392001 393510 299
394001 394654 343
396001 396267 299
398001 398456 343
400001 401150 374
402001 403624 299
404001 405406 343
406001 406042 224
408001 408533 299
410001 410010 175
412001 413693 343
414001 414560 312
416001 416422 343
418001 418430 281
420001 420215 281
422001 423678 356
424001 424955 312
426001 427761 356
430001 431898 325
432001 432733 325
