1 10 20
100 200 125
201 210 89
900 1000 174
1 1 1
2 2 2
100 100 26
5000 5000 29
10000 10000 30
347262 347547 322
357545 17110 443
194736 121483 383
415431 63500 449
430370 210595 449
215455 231502 443
339526 8373 443
219154 225609 368
62719 381269 443
449916 199277 449
274277 2997 443
66279 153039 375
337025 236586 407
52877 321978 443
300480 152603 443
49658 497565 449
461606 451601 444
285157 241860 407
80418 300019 443
126410 238090 443
182818 95292 383
304788 219666 443
482187 286872 449
311913 101341 443
65037 47934 340
238725 416004 449
275427 258267 407
358274 61067 443
460615 256378 449
395352 469006 449
208209 466553 449
114728 435438 449
222667 425745 449
54047 285891 443
466970 4628 449
215592 307121 443
4098 5903 236
192099 454661 449
477339 320606 449
213917 253377 443
486787 490183 382
496664 18113 449
85242 208840 383
244835 295074 407
386267 278201 441
199260 260748 443
269796 432712 449
91838 270936 443
191732 198726 360
100638 30551 351
244956 24327 443
222343 423146 449
424725 27954 449
242957 35185 443
288643 171082 443
258746 203779 443
367711 302085 441
27568 322068 443
453227 16793 449
369068 442561 449
215144 251462 443
44418 232996 443
453491 436439 400
483060 316566 449
152037 154490 352
74024 497853 449
3202 322059 443
329599 142141 443
302236 68094 443
4485 25321 282
124510 70963 354
35560 391455 443
92493 96781 328
288949 274289 389
410725 329763 449
401775 34663 443
32815 9776 308
371626 406257 436
370541 295289 441
221970 426518 449
359498 51045 443
355655 17160 443
264163 316897 407
68960 487251 449
327495 407466 441
337801 369802 441
404642 496914 449
234312 169231 443
451456 55607 449
183353 388683 443
372880 457888 449
154643 23309 375
349217 387224 423
249111 281772 407
420807 283553 449
286675 485310 449
198450 98680 383
103182 391192 443
198889 29310 383
