1 10 20
10 1 20
100 200 125
200 100 125
201 210 89
210 201 89
900 1000 174
1000 900 174
1 1 1
2 2 2
5 5 6
10 10 7
7000 5644 262
5303 17628 276
999999 999997 259
16499 45587 324
52361 3224 324
567 890 179
13357 52504 324
680 10418 262
96322 83557 333
29150 27469 259
88888 88888 59
18861 34786 311
92801 5470 351
38098 39644 275
2000 4000 238
8000 1000 262
44959 55000 340
6964 5331 262
92001 93000 315
530454 530452 121
105 754 171
54421 96890 351
76524 4778 340
100 100000 351
7908 5345 262
46157 11547 324
61200 19433 340
20000 61123 340
7674 3456 262
67879 3678 340
679 462 145
92087 93000 315
5 10 20
67934 43557 340
56789 3446 340
69780 65123 312
16527 10070 276
12134 20689 279
852259 852251 220
52361 32246 324
87181 10088 351
20000 24400 282
291261 290000 327
47 744 171
61881 60424 335
43791 45158 314
79762 72134 351
19976 24453 282
20000 22222 269
56151 56095 322
4946 2345 238
95089 100000 328
43888 34679 324
16980 10068 276
31558 32123 285
76800 56645 335
79817 77491 338
112 236 128
34120 37856 324
3927 66362 340
28783 26459 308
1 7 17
23335 26038 282
75333 62717 330
41156 49469 314
16135 17858 279
56778 57676 304
52155 51664 278
20689 12119 279
121 455 144
47002 47666 314
34249 35867 324
71451 72000 250
78972 73261 351
53259 58760 322
62815 65307 330
53802 52783 322
81984 70041 351
15605 16641 266
36130 31848 324
10090 19000 279
70095 63457 312
93987 98090 328
44567 45657 314
8980 380 262
63445 68089 312
89 53468 340
700 800 171
76978 58798 335
6868 5657 262
1 1000000 525
2 999999 525
1 999999 525
500000 1000000 525
