1 10 20
100 200 125
201 210 89
900 1000 174
1 1 1
2 2 2
999998 999999 259
953742 921015 507
172672 125623 383
547481 960089 525
270944 719280 509
530517 656790 509
244931 247056 332
482799 995078 525
77706 527706 470
310494 53382 443
187220 475283 449
4694 173724 383
901177 488178 525
581941 431155 470
608655 625752 447
783321 268522 509
31268 549334 470
319615 361166 441
883200 581977 525
605658 697675 509
150283 900453 525
851940 834514 525
640338 500722 509
531654 707555 509
100158 4538 351
540915 446203 470
450746 993333 525
864561 879224 432
395403 405657 405
373784 153069 443
253610 64358 443
7329 683525 509
52889 124388 354
243420 581771 470
111465 211532 383
532720 691233 509
412855 415873 374
657942 968724 525
332296 5781 443
20317 235947 443
956969 355679 525
376715 244966 441
423797 299240 449
725397 967404 525
99254 612120 470
922228 851410 476
344889 702657 509
233730 687961 509
400304 4478 443
701280 148436 509
330521 501594 449
129748 528141 470
420521 780498 509
157666 244786 443
778582 188660 509
90281 766982 509
403024 22896 443
909830 287461 525
924787 846861 476
980219 618407 525
302173 134095 443
943529 930697 507
929384 958492 507
378123 140334 443
340879 587102 470
964515 422694 525
375532 363915 392
965045 892235 507
232068 728385 509
572394 993615 525
498478 594631 470
111080 635575 509
867407 297486 525
73586 128684 354
510047 834465 509
746827 749157 362
115889 564611 470
830130 459225 509
550650 713545 509
573206 350574 470
414016 8107 449
362135 331706 441
174766 748839 509
880970 491827 525
752873 702015 504
793322 20411 509
978993 605234 525
221901 94472 386
933062 794936 525
319022 715209 509
264283 759407 509
207794 385277 443
172788 809278 509
778411 612883 509
388088 521863 470
886435 209795 525
733126 918208 525
831681 180456 509
463418 744193 509
819708 793110 468
426790 764937 509
857959 570132 525
78834 890067 525
170215 552556 470
717384 866582 525
359923 854705 525
359004 490061 449
259680 616452 470
117114 979553 525
453069 777114 509
345002 324023 384
10143 706486 509
54642 963127 525
620694 504561 470
791985 217540 509
813073 369599 509
237665 925379 525
229320 892343 525
546982 284794 470
422128 145149 449
907419 149627 525
328145 919676 525
855083 921191 476
735337 660321 504
322056 573506 470
966593 567650 525
991342 312748 525
258206 591072 470
342302 90242 443
31669 618629 470
451040 727688 509
28290 267252 443
59086 882670 525
25426 294335 443
771056 830377 468
195890 271554 443
249231 201143 443
436748 657122 509
939974 442492 525
65872 732309 509
3812 73785 340
61998 845819 525
560180 874326 525
204230 587293 470
868631 359717 525
721947 812631 468
905106 308252 525
690581 98822 509
118606 900883 525
42284 318327 443
99340 846298 525
