857589 955273 507
694303 799349 504
695061 829702 504
728645 815243 468
941943 945312 383
716054 885874 525
703209 713099 504
700210 781317 504
824976 905463 525
824913 991204 525
923471 994189 507
731138 925442 525
879799 933052 476
711921 813563 468
838947 973195 507
699046 957655 525
669935 952094 525
770998 945882 525
726799 965029 525
672151 921310 525
776346 802465 468
801142 821180 450
696392 715824 504
672752 687520 398
931726 992775 507
740778 780148 468
872186 948972 507
850462 917078 476
761828 778179 468
674979 926985 525
834964 995939 525
783601 799326 468
860223 989751 507
803873 993534 525
880923 960308 507
782279 918149 525
784303 998288 525
691426 977418 525
740008 917768 525
772179 788733 437
910885 930088 476
754161 831159 468
681107 983273 525
901468 930607 476
733691 920119 525
917349 981902 507
778967 899470 525
804522 961153 525
742719 947437 525
833082 850549 525
865742 951799 507
667546 977635 525
848854 849637 313
902984 913501 476
826269 841602 525
746011 779171 468
858622 866441 388
900101 979094 507
792309 978747 525
668276 748734 504
879316 954965 507
760019 914973 525
810084 943397 525
776392 868612 525
783066 996921 525
793376 947749 525
699800 917909 525
734781 825142 468
740286 884963 525
711788 839942 525
756666 796763 468
747762 956967 525
779869 985276 525
728771 998688 525
740166 986218 525
721820 722418 411
898715 975463 507
816102 952321 525
766202 984340 525
732916 802195 468
789921 835091 468
952693 958807 414
908938 941083 507
757566 871838 525
678630 854974 525
732681 986104 525
714854 963432 525
812865 833403 450
734678 833530 468
680519 695004 442
735410 875125 525
753869 995798 525
725984 844567 525
696315 746570 504
721156 883683 525
828504 845207 525
831414 899496 525
746066 921749 525
847866 972672 507
927721 984347 507
717927 914287 525
670033 999256 525
733723 953227 525
816618 991300 525
808080 982716 525
723292 852260 525
739312 747181 393
681191 713525 504
694760 943147 525
894370 926846 476
837800 837805 189
727146 734919 380
696249 801212 504
731556 788680 468
716423 868377 525
720562 917910 525
943284 994166 458
823957 908147 525
705893 825728 468
879492 991638 507
854756 916295 476
892718 946585 507
680440 909931 525
869658 988455 507
744611 892399 525
675935 891348 525
790775 916054 525
682171 822357 504
725699 936151 525
882087 908822 445
862656 987733 507
853739 940434 507
701578 921092 525
762968 827013 468
725398 900282 525
700349 953829 525
696751 855324 525
865717 958529 507
728832 839951 525
707436 768821 468
819662 910254 525
935490 957782 507
784153 949209 525
675225 822950 504
764684 947861 525
785927 798884 468
768568 998813 525
828713 992086 525
877499 906815 445
760583 918312 525
843647 844928 357
799088 954076 525
876845 961359 507
772672 804564 468
778595 902559 525
686593 759579 504
730740 927279 525
863593 999518 507
669225 824108 504
683570 855768 525
738007 865989 525
931986 993531 507
719067 760164 424
681951 933219 525
786724 970157 525
767261 906527 525
870335 938555 476
824508 943158 525
698106 988854 525
807050 897271 525
818753 856322 525
717501 787072 468
820563 883425 525
696563 834467 504
712902 822362 468
761534 911376 525
875974 906500 445
850273 985657 507
710999 920720 525
724602 745399 424
834741 985821 525
707822 732448 411
773407 850532 525
734947 987931 525
947808 974345 458
890735 951490 507
760154 793499 468
691237 918664 525
760468 864850 525
666963 994336 525
742557 998444 525
811995 954992 525
954835 981777 458
748516 838749 525
694362 908538 525
766873 945198 525
733050 908570 525
713115 818819 468
935568 944145 507
676764 820825 504
