1 10 20
1087 17925 279
16564 16657 235
999999 1 525
12 65 113
65 12 113
1993 1993 51
99079 82480 333
56939 12223 340
3941 38178 324
7571 12714 268
43127 8518 324
24842 24901 189
37882 11418 324
85702 29218 351
67231 39148 340
95488 16 351
48277 87059 351
67229 69427 312
275753 387241 441
564606 435519 470
690960 989515 525
879 224849 386
81343 751670 509
148459 60192 375
884 879443 525
266983 192039 443
314895 949697 525
385751 299216 441
653 348132 443
339445 774452 509
746649 940540 525
755451 943679 525
54078 497917 449
796415 374939 509
142590 298292 443
728423 271545 509
959105 888065 507
531558 522176 408
78272 816164 509
77220 1 351
608068 518668 452
758092 76802 509
146566 804556 509
292497 299827 371
66308 908806 525
627291 962329 525
233858 33345 443
808772 337011 509
976451 503561 525
815060 855789 525
741853 14 509
770997 912201 525
572178 2270 470
284400 13554 443
15728 695541 509
455801 49242 449
234665 922357 525
787048 954356 525
275309 839158 525
18 318169 443
941120 139987 525
407924 790137 509
563283 563591 328
395206 462498 449
471745 966143 525
684367 488575 509
488741 149065 449
462921 880909 525
2 2 2
3 7 17
90 71 116
4556 5027 210
5962 2757 238
2992 4528 238
6677 4226 262
2864 9587 262
7306 1302 262
4800 9071 262
1318 93 182
8144 3846 262
6487 3175 262
4166 331 238
8232 2468 262
5133 1691 238
6747 321 262
9663 3210 262
93 9022 262
8892 9319 260
2012 8659 262
3978 6640 262
1142 7445 262
1657 6802 262
2362 7043 262
9058 7433 252
501 4916 238
2779 2770 160
1367 1296 177
5671 5709 205
3763 1879 238
355 5136 238
3811 452 238
4450 4725 184
4957 7824 262
41 4234 238
8178 1361 262
5011 301 238
1776 8982 262
231 77 128
156 199 125
69 194 125
210 250 128
139 80 122
19 254 128
183 15 125
159 198 125
280 270 92
44 193 125
140 65 122
135 43 122
186 69 125
202 203 40
7 233 128
8407 1147 262
5236 4971 179
9569 6287 260
1742 6479 262
295 7980 262
2068 7 182
3324 7717 262
6781 6159 262
6975 2794 262
2126 7043 262
5023 3133 238
3793 8433 262
1959 4769 238
7804 6616 257
10 17 18
