605219 561806 434
270882 365043 441
34873 77060 351
717124 690844 504
992533 299555 525
637530 901960 525
502660 364231 449
299742 426091 449
109654 162852 383
666494 375451 509
77923 370724 443
565585 897766 525
636986 689094 442
237993 949910 525
562890 922693 525
206672 184748 360
451228 84093 449
507697 575447 470
527019 597837 452
785899 293058 509
348510 979004 525
120566 219987 386
170255 516378 470
49901 613859 470
562362 657739 509
820985 716592 468
810611 92598 509
605441 108858 470
573592 392104 470
469007 189552 449
830208 632802 504
760922 758791 380
537821 169468 470
279802 497343 449
829480 99627 509
238459 595115 470
875994 544014 525
129034 631417 509
341168 467010 449
172896 101113 383
543563 79530 470
331943 582536 470
353155 59790 443
196943 897495 525
18479 649377 509
575260 601746 434
930247 178854 525
316991 500360 449
787794 964477 525
221609 804883 509
833503 980108 525
223792 605742 470
989556 438811 525
821258 562380 509
314983 483198 449
981404 285951 525
307339 184101 443
279498 757155 509
463767 242578 449
155832 448797 449
935995 758211 525
379948 642272 509
698134 621995 509
533850 728998 509
372624 565809 470
480301 752236 509
124267 568389 470
600240 422586 470
925651 387694 525
763050 108277 509
216936 47149 386
810962 725998 468
966379 735833 525
514664 580386 452
110995 249858 443
954888 877629 507
274326 695413 509
926011 845390 476
67012 695851 509
151516 927931 525
875640 641191 525
953930 344201 525
849368 422800 525
371831 136972 443
5549 6106 236
114057 679269 509
767910 988761 525
918553 73859 525
745997 170937 509
713904 662843 504
728153 836735 468
745719 804456 468
286317 855603 525
677792 527956 509
495905 502104 395
68985 51312 340
813354 584331 509
207668 861049 525
30995 324455 443
761067 455678 509
952416 259841 525
543113 211612 470
823127 829096 419
710387 21056 509
253898 570301 470
10518 938925 525
363144 763262 509
900534 338661 525
563273 824405 509
698663 596687 509
549400 129123 470
546310 513130 439
779048 425173 509
495893 459476 444
487997 645491 509
194647 88538 383
166840 101514 383
224580 213668 386
936500 203311 525
820796 81321 509
258864 559648 470
307564 66591 443
892249 878641 445
918095 640992 525
986553 967509 458
747966 883327 525
48739 776007 509
812203 104703 509
599059 649463 509
147928 179888 383
37785 70686 340
314483 189451 443
498433 222558 449
155643 521462 470
701847 231996 509
569001 821286 509
680640 288009 509
999928 401237 525
612884 490874 470
236534 13743 443
732812 652535 504
412786 713722 509
580295 475656 470
114526 293845 443
492172 801608 509
612407 117127 470
764628 621034 509
655040 654268 323
719925 138784 509
170765 680771 509
