1 10 20
100 200 125
201 210 89
900 1000 174
998351 998591 277
45297 60593 340
72364 75686 325
921797 923802 445
998082 998776 277
417961 419207 343
770356 772576 362
999239 999544 396
999239 999434 396
43163 96483 351
633872 637032 416
912540 915170 370
28748 78149 351
14761 62555 340
24016 82312 351
18912 57739 340
40824 41371 288
582335 583009 328
440377 442169 325
987866 989034 321
892835 898703 370
72703 89713 351
992335 992604 290
32695 51924 324
9070 72734 340
996336 996614 352
894780 897439 370
979327 979894 334
27606 70480 340
834435 836555 344
894986 898361 370
93454 106717 354
994401 994702 365
875522 880850 432
965399 967159 365
221448 223620 337
24101 107154 354
858847 858939 370
793598 795611 331
172403 175992 347
995155 996012 365
59467 107513 354
709861 711948 380
333517 335230 335
61838 84666 351
890978 894231 326
39816 55720 340
25616 33466 308
986876 988440 396
642256 643815 354
36927 84806 351
73069 77837 351
207704 209950 311
32991 97203 351
878340 880956 357
998120 998461 277
998026 998520 277
961863 962377 259
985355 989752 396
891795 892256 295
90657 107515 354
972965 973961 383
998229 998661 277
20492 57834 340
983139 983547 383
997970 998165 228
889956 891378 339
985297 991687 396
408115 413644 449
230076 232577 443
13129 66565 340
972195 972620 246
22249 72131 340
510420 511083 333
328735 336466 366
26754 80279 351
32578 39857 324
590251 600402 403
56733 66456 335
342054 344215 353
902464 905868 383
994962 995291 290
707228 710418 380
989279 991286 352
998023 999053 396
990697 991301 290
77953 81512 338
1535 69671 340
705313 711277 380
292796 295023 358
992325 993859 352
355134 355225 379
992083 992633 321
31313 59799 340
985623 987061 352
34082 95526 351
594157 597959 372
994448 996882 365
999746 999846 259
884290 885573 370
992891 993855 352
684204 685644 354
658444 658775 292
818886 820063 450
54308 89236 351
125784 133198 344
822304 822727 313
21586 91782 351
705101 705165 305
8192 92013 351
59482 87610 351
804001 805295 331
13666 33621 308
928302 929861 339
995415 995505 259
976530 976554 246
75045 80929 351
54912 111816 354
988231 990163 352
995856 995864 91
987587 988032 352
244919 245973 319
983604 983652 290
996672 996995 321
921067 923468 445
966725 967053 277
145403 148893 357
993896 995037 365
834263 836885 344
985417 987959 396
995568 996559 365
57075 67941 335
30014 82294 351
830475 832276 419
17162 60057 340
56741 85913 351
35239 69641 340
85715 92888 333
30137 48420 324
988873 989091 308
998667 998907 259
999995 1000000 259
961961 963707 414
963924 966432 365
34563 56877 340
971877 973213 321
983252 983358 321
454056 454457 338
927516 927647 277
985365 985778 365
888819 889388 370
68986 78737 351
993768 995164 365
35388 44836 324
985345 990127 396
57944 93289 351
48371 110359 354
989005 990876 352
992459 994386 352
772573 773160 393
196568 197388 298
33887 67783 340
10669 105792 351
999807 999969 259
46941 91273 351
892381 893166 295
14842 83030 351
975144 975997 339
895063 898624 370
995519 996130 365
969693 970235 321
991086 991231 290
12494 35094 311
661914 663411 292
987557 991113 352
776539 776579 300
20535 36776 324
213980 218963 386
72886 97616 351
994141 996090 365
32953 110123 354
949964 950775 321
10645 89336 351
638508 638821 341
894456 894490 264
913560 913665 357
48001 52963 340
8228 58565 340
58815 111254 354
1765 95130 351
79330 112708 354
328979 332036 353
992334 993129 352
61780 99596 351
836070 836798 313
357442 358319 379
