1 10 20
100 200 125
201 210 89
900 1000 174
1 1 1
2 9000 262
3 -2 8
923430 201581 525
28948 638050 509
144122 753277 509
843026 994389 507
278548 636800 509
140235 44755 354
909869 153687 525
263907 232125 407
273632 89149 443
424662 980158 525
148562 428266 449
734703 341367 509
901790 29249 525
195394 294699 443
799550 948399 525
351304 52398 443
321448 36370 443
222605 391710 443
372612 215098 443
567559 188709 470
504279 320888 449
940174 192222 525
909930 502510 525
319971 22511 443
222113 961641 525
597656 212318 470
494012 246591 449
236958 875032 525
46014 222382 386
849177 103241 525
361500 602832 470
993671 555311 525
971600 809378 525
260602 993959 525
409989 809635 509
89855 818991 509
708799 415184 509
443900 342032 449
740496 542783 509
410367 996692 525
24906 889459 525
280028 616485 470
919283 828242 525
44511 964516 525
835829 83870 509
399157 113959 443
487711 163842 449
532531 759515 509
9954 194403 383
786788 349249 509
718836 782734 468
128304 826153 509
514612 165359 470
153938 692542 509
994625 69043 525
451909 716580 509
773000 261871 509
793726 935467 525
909839 542128 525
753803 77619 509
183394 863721 525
810460 495639 509
894953 957260 507
820708 567342 509
959421 129353 525
981994 140945 525
11830 242068 443
961367 705608 525
301066 730970 509
613430 858994 525
27169 259642 443
336365 685183 509
962096 398318 525
964099 622912 525
751719 109438 509
722201 311211 509
267473 600010 470
903583 14658 525
351606 184040 443
894590 821129 525
863219 374683 525
22155 522126 470
442985 152506 449
922141 559000 525
831697 772868 468
131694 244718 443
322501 749929 509
484039 536753 470
800341 198995 509
367085 515894 470
318213 636894 509
437184 868609 525
131549 432337 449
539062 319783 470
129416 950058 525
111187 201577 383
640705 197195 509
747343 305228 509
289563 204559 443
489900 266802 449
816014 99991 509
139432 550851 470
286230 571715 470
519292 973589 525
821567 108058 509
798913 450813 509
738506 271332 509
633036 242129 509
797905 732628 468
365566 747526 509
947818 155990 525
33979 433189 449
474364 395249 449
751785 491580 509
524642 139082 470
889198 224285 525
883058 675728 525
513326 482530 470
865650 792810 525
908523 503743 525
975159 751417 525
663174 222850 509
500346 586371 470
77148 548874 470
77753 371008 443
315505 923463 525
183988 593782 470
829056 163249 509
378505 297684 441
380286 258478 441
960652 373207 525
40459 881317 525
902182 822279 525
64210 215613 383
467273 116255 449
121840 837747 509
627315 271991 509
699903 394760 509
758708 889643 525
130700 628892 509
176383 982685 525
899619 597004 525
605744 527842 452
133533 725644 509
583390 259004 470
351071 51298 443
826692 752132 468
694102 965066 525
