982269 171437 525
816913 726533 468
366549 264182 441
195715 527996 470
975759 492942 525
923683 368039 525
523523 383110 470
480711 328506 449
576726 919479 525
752971 315450 509
753252 130414 509
622879 531840 452
782069 464752 509
885761 74769 525
105571 897474 525
756594 245361 509
878020 854574 432
696512 824540 504
526575 847868 525
141771 237893 443
691652 366481 509
148662 92887 375
922316 696964 525
37306 617501 470
701089 974007 525
34091 917117 525
968908 523223 525
374172 288061 441
684689 497836 509
135167 101145 354
866388 589167 525
88336 438744 449
753674 169402 509
223841 223429 293
261759 453701 449
597857 862953 525
644367 443902 509
349036 248925 441
676393 819917 504
938212 643898 525
455087 88754 449
132624 235251 443
23219 782017 509
280862 462322 449
508640 823976 509
504663 928885 525
142755 162899 383
725250 74156 509
125980 484028 449
699585 33200 509
186042 249541 443
71701 542382 470
106909 319194 443
264194 315662 407
688179 641731 442
325175 828708 509
39024 261016 443
620158 319499 470
11522 505766 449
455038 954540 525
121386 190160 383
621481 472329 470
966040 746652 525
133359 795876 509
244112 91707 443
722093 800944 468
634654 425646 509
815624 594843 509
13409 143537 375
718432 541944 509
763544 725722 424
812184 110086 509
287262 605497 470
937362 689003 525
784012 496545 509
127438 1649 354
183533 704116 509
430554 902283 525
768726 975568 525
413030 426994 418
6543 192382 383
411471 601227 470
809189 663201 504
573314 322809 470
545429 699229 509
968 376705 443
632654 781152 504
128603 420542 449
267614 911481 525
352895 739300 509
545581 33835 470
586093 520600 452
172373 317468 443
270513 578648 470
865808 106547 525
623252 535990 452
749372 711083 424
61457 688094 509
304124 210748 443
746111 249137 509
473672 780511 509
573940 815509 509
37371 507952 449
508791 422688 444
796066 206396 509
642275 8815 509
311314 367888 441
685185 572522 509
546849 329213 470
119759 108531 349
854163 960031 507
15447 519463 470
25002 631808 509
732480 150781 509
1453 293811 443
646434 684069 442
407031 435042 449
790945 553369 509
553537 422313 470
532835 298126 470
82754 452817 449
505245 565321 470
754330 518675 509
735764 134999 509
493884 818053 509
277990 187275 443
851410 547923 525
482317 405867 449
956908 55944 525
477511 148709 449
652972 736150 504
990953 849374 507
907771 756344 525
487231 677604 509
911408 962232 507
842305 472904 525
452812 346416 449
697879 798753 504
297201 700777 509
142999 970805 525
830588 636067 504
771523 476351 509
860525 785602 525
569102 300451 470
727074 546242 509
359093 165540 443
20662 431305 449
47412 982661 525
280740 150457 443
113414 855165 525
457997 173100 449
902002 657869 525
598704 244680 470
904473 749975 525
518428 690234 509
115243 371288 443
65827 718231 509
815833 24280 509
615110 77826 470
291523 323302 384
231287 987328 525
429911 703408 509
451155 220936 449
760986 229542 509
65425 788542 509
469510 798672 509
465627 700196 509
131795 735464 509
350898 156049 443
107039 769610 509
944217 12983 525
706472 110067 509
884645 991688 507
149625 833273 509
897665 580820 525
240000 370060 441
521610 749114 509
288023 490086 449
942032 467871 525
831120 440498 509
186549 893671 525
140703 77559 354
944597 90348 525
311114 124223 443
285691 926085 525
803636 770249 468
898861 176989 525
873240 324828 525
11507 165004 383
167970 536510 470
174576 933178 525
260605 67016 443
570484 719565 509
213000 997217 525
788888 328575 509
266126 336139 407
841949 147419 525
676873 246548 509
4811 817477 509
282517 172323 443
