1 10 20
10 1 20
200 210 89
900 1000 174
1 999999 525
456 23 144
1 2 2
1 1 1
600 600 18
456 765 171
23456 89043 351
123456 789123 509
789321 456321 509
104330 21475 351
130110 407363 443
128466 590399 470
442676 332748 449
158999 792809 509
637248 727614 504
880958 959941 507
799681 819094 450
139958 956488 525
99812 495015 449
847079 956397 507
713727 884743 525
719443 129313 509
29338 821882 509
421450 752064 509
395835 378965 436
180598 179188 365
136315 812207 509
698008 673693 442
280147 482820 449
646022 278891 509
810826 799437 406
949565 551043 525
517260 456950 470
266501 58288 443
54209 346103 443
711192 689414 504
927896 635827 525
156728 346153 443
915266 656323 525
463998 736011 509
64192 647721 509
174842 326383 443
528644 26618 470
163197 985505 525
522258 470436 470
700289 162053 509
917413 517479 525
302595 594402 470
5855 64888 340
338316 774229 509
951717 86609 525
590814 813055 509
113033 25027 354
485017 926391 525
213465 825014 509
386641 557939 470
770675 702408 504
42876 555511 470
411557 634684 509
260166 141022 443
923003 914565 445
252005 457419 449
526824 146851 470
160140 880134 525
558282 367877 470
99140 386264 443
740437 946218 525
816529 691205 504
470277 293892 449
505632 480087 426
869617 644510 525
461685 593979 470
933775 938208 445
331592 950488 525
266457 54029 443
713683 304864 509
161011 478754 449
587596 216718 470
771064 152646 509
259364 50005 443
512968 382215 470
81939 976300 525
648432 794851 504
155797 464339 449
630478 789132 504
68032 459129 449
317750 362809 441
553788 274070 470
922444 966808 507
596246 937052 525
824205 625976 509
980427 172495 525
679368 43566 509
706798 789448 468
55157 169372 383
349254 821395 509
771629 920464 525
204150 220866 386
345704 276747 389
935084 764572 525
71675 305252 443
152020 961097 525
232971 630822 509
40924 506251 449
907892 445858 525
114382 496909 449
410915 924521 525
239784 785459 509
718999 784913 468
423867 846147 525
201501 879490 525
309209 465910 449
366967 162591 443
742016 318610 509
529811 631488 509
393692 134856 443
490341 637372 509
425241 317199 449
642050 373046 509
20507 595817 470
311203 163179 443
209815 414852 449
673856 448864 509
860132 756097 525
557331 422838 470
260209 16453 443
288503 69389 443
786001 317346 509
