1 1 1
1 999999 525
1 126 119
873701 316682 525
952817 376880 525
447007 254006 449
251206 692760 509
357346 780725 509
969546 604468 525
712948 951190 525
403647 490118 449
754538 36231 509
931434 575137 525
461183 417142 418
47574 249704 443
300023 26888 443
945634 531894 525
357042 591816 470
756748 655872 504
223164 656229 509
868153 485612 525
792349 496059 509
867454 441110 525
990247 332855 525
685350 359637 509
78925 699612 509
732313 470544 509
642848 330602 509
650134 181973 509
791321 245060 509
269243 817275 509
41261 95822 351
680358 123143 509
174564 223162 386
107426 45333 354
930486 465231 525
879924 384532 525
889970 812752 525
215897 454307 449
82484 642422 509
474478 649798 509
799569 252899 509
768478 724643 468
491256 864636 525
325473 589512 470
86542 673983 509
958570 172243 525
8713 194537 383
466495 927478 525
631144 264209 509
598771 155466 470
212578 172951 373
345090 392671 441
361200 434524 449
611504 261361 470
185301 547694 470
496719 296494 449
501416 69854 449
76912 139116 354
971877 148256 525
63839 599026 470
660941 730485 504
201263 205846 342
364076 378882 423
777059 146954 509
695656 885860 525
47279 789238 509
279122 73056 443
584701 579422 434
773846 409133 509
373706 331098 441
757644 243234 509
432281 33516 449
134099 962185 525
697861 855198 525
62251 667868 509
33743 638148 509
176155 706874 509
732742 768802 468
394195 124704 443
589152 489780 470
323724 178492 443
687173 94746 509
363855 894798 525
481686 378678 449
298559 460831 449
500210 943181 525
468527 835326 509
949314 622856 525
851259 980105 507
615566 942653 525
122862 463124 449
495089 649899 509
845389 978950 507
496571 435340 444
234887 966497 525
897008 422418 525
916824 239623 525
955774 314403 525
475295 578381 470
602240 164769 470
835358 287511 509
889381 569720 525
762426 796785 468
665051 532972 509
529238 380508 470
195799 308279 443
882733 285898 525
59227 207427 383
682334 600730 509
504876 789446 509
616437 372534 470
760963 67879 509
961809 57053 525
95191 459306 449
243349 223290 443
688420 152353 509
827676 847048 525
808651 464897 509
809524 181748 509
115730 970568 525
146203 644273 509
73678 383976 443
872455 589725 525
29567 555491 470
811973 538031 509
986393 278691 525
859517 932008 476
