899010 686519 525
256458 244203 363
472473 923531 525
758201 346349 509
974096 402632 525
45934 963040 525
686675 295720 509
645478 558222 509
106152 659801 509
594852 62944 470
149 645382 509
352447 368102 410
353026 145068 443
703224 430753 509
119008 993266 525
6083 59339 340
171330 209484 373
535393 872952 525
865464 293435 525
810190 120634 509
296258 951759 525
259608 495223 449
431651 347417 449
486225 809139 509
412008 823099 509
515964 202096 470
61229 696578 509
722840 461918 509
746157 164650 509
759960 540663 509
37204 348300 443
876171 584283 525
182993 621694 470
296326 473057 449
386186 901479 525
424501 554456 470
183608 239307 443
664360 188107 509
217573 160133 386
442926 434274 400
775226 302573 509
321978 30911 443
537484 815499 509
2392 50989 324
789555 308967 509
366641 239431 441
796981 364074 509
320972 411363 449
295132 828813 509
899279 52580 525
22508 968608 525
712372 516735 509
553396 258521 470
961765 784173 525
216024 945434 525
990146 672854 525
968259 184107 525
875107 307185 525
431843 278256 449
894479 966961 507
741822 480998 509
462496 53215 449
869268 709513 525
966106 396814 525
197175 836910 509
257202 706587 509
929109 194700 525
958514 368769 525
83077 597625 470
278403 391214 441
635220 165769 509
143374 328141 443
606979 117032 470
623856 926146 525
141332 236079 443
750849 509381 509
70867 271630 443
506829 294386 449
648094 940270 525
307389 46809 443
534114 601050 452
791262 270643 509
500191 863171 525
233154 367986 441
536084 825334 509
290136 181911 443
573908 776307 509
760347 895205 525
182418 768861 509
675813 264485 509
261177 544962 470
912357 616602 525
66235 504731 449
278389 108814 443
930199 437909 525
387103 811086 509
936217 716546 525
169783 194680 365
174525 922710 525
376999 509070 449
186164 761430 509
103690 708346 509
76294 543960 470
284902 160721 443
415497 33871 449
479619 417383 444
733 215326 383
966349 775934 525
711622 417265 509
904770 683187 525
184066 469826 449
948072 573095 525
292868 464548 449
460887 403233 449
373960 622067 470
656112 990761 525
365337 593472 470
316678 174382 443
852295 648570 525
637325 844197 525
302100 174041 443
705537 520806 509
6600 346122 443
228418 395100 443
83178 15338 351
254248 455445 449
774943 152423 509
780183 459979 509
147089 594378 470
621582 684688 509
148569 940690 525
891100 639406 525
848272 3320 525
689598 828883 504
62770 117360 354
923884 682693 525
942618 538831 525
152136 507579 449
766705 957463 525
303704 885598 525
9973 436162 449
146304 506989 449
236037 101829 443
502858 319053 449
847593 562785 525
570781 131191 470
94567 109055 354
223594 84553 386
916540 481279 525
