1 10 20
100 200 125
201 210 89
900 1000 174
850 875 179
705 700 171
100 100 26
0 20000 279
20000 19999 67
10 20000 279
1034 20000 279
24 304 128
24 3024 217
3 30 112
0 27 112
21 30 112
0 999999 525
100 200 125
17 86 116
8349 2950 262
384 8534 262
12309 61034 340
9295 9295 61
123 1234 182
22 22222 279
101495 222017 386
81908 222017 386
52978 58246 322
122076 897 354
978 6083 238
254 484 144
8 63 113
416984 654685 509
765 1645 182
1000 1999 182
987645 321654 525
88 65 116
5456 4577 210
168 4686 238
4 2 8
68 86 116
0 1000 179
0 10000 262
0 100000 351
8679 16645 276
99999 1 351
369 258 144
147789 456123 449
357 159 144
654 87 145
654 8657 262
564 4523 238
3527 3212 181
3123 3547 199
6845 8654 257
4758 2544 238
87216 6947 351
0 2 2
869 84 171
745 965 179
785 325 171
126 324 131
786 126 171
6565 6843 244
78692 87638 338
19999 35477 311
5478 47869 324
35248 68545 340
16808 26005 282
1564 6872 262
36584 6546 324
3248 1688 217
54036 54445 260
1857 6476 262
665 4 145
8841 3876 262
6555 5555 262
3573 7626 262
52 3653 217
654 7863 262
555 5555 238
132 321 131
444444 666666 509
45646 65465 340
54646 46854 340
478 3524 217
54646 6476 340
486947 548746 470
646 6466 262
4654 48697 324
1456 4546 238
16854 54654 340
2222 3333 217
2222 222 182
4666 46665 324
4164 4165 127
148644 486345 449
185 41866 324
1746 41684 324
897 14864 276
4651 5466 210
516516 454654 470
54164 51635 340
153684 568473 470
5463 6565 262
