1 1 1
999999 999999 259
123456 123456 62
1 10 20
100 200 125
201 210 89
900 1000 174
1000 900 174
67 68 28
68 67 28
1 999999 525
243244 234894 368
564788 912400 525
951701 134414 525
622119 500385 470
484361 803644 509
530781 851598 525
136485 908409 525
711967 440752 509
982086 319816 525
669335 205221 509
377666 887311 525
851907 937485 476
137204 40339 354
229708 288951 443
387890 9023 443
147073 356461 443
657180 396217 509
633057 628477 385
629522 501128 509
610612 671157 509
340198 585109 470
209929 375704 443
472878 494719 426
479540 191649 449
548743 959148 525
943388 281031 525
1438 40070 324
22103 2582 279
34624 35051 280
28064 12826 308
44849 39840 306
42663 5934 324
11355 41485 324
19796 20590 274
26947 17197 308
143 14812 276
38251 24033 324
18163 35240 311
37380 7404 324
36378 32345 324
18961 16737 279
8809 46123 324
26423 22466 282
5045 15794 276
11698 21483 279
5665 22576 279
5868 48495 324
36497 18297 324
29929 17942 308
28882 36458 324
42277 34066 324
19 999999 525
59 999999 525
16 999999 525
5 999999 525
27 999999 525
37 999999 525
62 999999 525
73 999999 525
14 999999 525
3 999999 525
3 20 21
6 7 17
8 3 17
1 18 21
9 24 21
1 27 112
4 26 24
10 3 20
7 44 112
9 13 20
534 521 124
582 551 137
544 529 137
509 500 111
524 531 124
510 568 137
552 590 137
540 538 49
547 529 137
552 554 137
109361 54023 354
132564 56070 354
130533 50556 354
139142 51377 354
126619 58153 354
113187 57245 354
118903 54349 354
124565 55049 354
112570 53323 354
138058 53510 354
800043 800727 375
800741 800543 269
800140 800397 318
800741 800418 282
800108 800014 375
800771 800692 238
800108 800179 256
800184 800406 318
800351 800751 282
800298 800725 318
