1 10 20
100 200 125
201 210 89
900 1000 174
6324 113761 354
981478 651079 525
793311 476966 509
67627 867855 525
913941 454319 525
133288 624625 470
343068 703503 509
124492 431182 449
385781 712163 509
799645 818428 406
388247 131998 443
999983 817651 525
127942 106603 349
209014 286650 443
118256 51893 354
246088 377378 441
642980 475482 509
564019 157604 470
357678 650091 509
496146 311011 449
835764 800546 450
603633 237716 470
461550 756637 509
817995 802595 406
894808 552432 525
561786 99019 470
331946 958743 525
638227 408473 509
331494 568375 470
477104 7331 449
689690 541487 509
497699 93946 449
693632 663952 442
727747 927261 525
415543 393589 449
552971 824620 509
188378 583410 470
843531 690538 525
248494 193417 443
53002 221660 386
810335 893160 525
459578 926977 525
512506 407039 470
130048 217088 386
762661 937407 525
122211 576697 470
169276 947099 525
972494 931757 507
845069 626540 525
338323 449810 449
49759 500693 449
634443 122111 509
863689 298454 525
650162 587812 509
779782 923455 525
599309 288474 470
952358 944242 414
77560 897922 525
294494 124716 443
485771 556643 470
220701 422542 449
19545 786278 509
637686 608978 509
120076 281521 443
966333 40752 525
993216 767066 525
148866 438037 449
484681 123790 449
455105 791453 509
318482 241388 407
980438 332579 525
558017 870517 525
499833 776110 509
217475 139101 386
258747 1480 443
244743 43198 443
872963 902701 445
442534 645491 509
735860 406896 509
601620 601604 142
48082 101496 351
596356 764495 509
289994 661209 509
408650 601651 470
547027 899755 525
346660 668105 509
447187 757937 509
58145 442431 449
496471 102101 449
90146 571607 470
673593 806196 504
144883 920756 525
242550 460828 449
752131 400217 509
853295 239027 525
979379 74243 525
540731 837055 509
8490 7921 252
519828 211414 470
673783 265261 509
45661 767822 509
667328 944357 525
53969 786705 509
137133 206127 383
811581 859315 525
153951 467893 449
529376 562557 452
298020 851331 525
106427 635529 509
254207 82762 443
163664 633960 509
538886 822913 509
459412 685089 509
807422 435622 509
114399 948041 525
733308 450157 509
258928 195738 443
999369 823134 525
382537 367941 423
657072 224578 509
905650 462548 525
415535 590097 470
383012 163684 443
433384 218486 449
597023 934666 525
305888 223938 443
637616 685515 442
365907 440389 449
529134 530785 333
70643 59655 335
89614 754625 509
519554 593285 452
755824 913377 525
155642 289166 443
294220 313144 384
864903 332440 525
573098 174117 470
222938 329157 443
487767 494412 426
954265 426622 525
99773 126003 354
90811 781519 509
794951 563484 509
379695 687801 509
454613 465883 444
234713 216127 443
622814 399446 470
363775 645432 509
800563 101575 509
