469034 572794 470
249746 746980 509
644220 992830 525
170761 744274 509
286316 326380 389
458882 762408 509
498564 971120 525
445631 903496 525
612994 805839 509
833444 73126 509
526396 376759 470
175835 98563 383
880247 111719 525
65787 492593 449
57490 501274 449
303532 804725 509
268646 789459 509
742880 528532 509
260193 130879 443
21773 461561 449
945826 801843 525
681231 819319 504
286441 574643 470
99171 741688 509
450320 652878 509
739016 936117 525
843017 9809 525
272638 887767 525
573413 660855 509
83283 967245 525
723217 663510 504
513403 567610 452
209546 223059 386
823930 548507 509
751075 531127 509
513679 686012 509
105215 393662 443
50117 418 324
40427 499289 449
772401 214030 509
277320 348972 441
951636 765068 525
18566 381880 443
391450 911090 525
946813 153600 525
923579 997604 507
238068 94272 443
430662 970616 525
104503 58398 351
315392 82190 443
110485 598893 470
292345 403255 441
782357 509419 509
685554 278131 509
338645 121573 443
350299 309605 441
466032 849476 525
961415 947001 414
855572 857581 388
83016 416439 449
666512 934590 525
315151 210312 443
145103 791324 509
931903 441517 525
631592 276209 509
798910 301202 509
310347 890816 525
254378 208040 443
30851 335774 443
29631 397512 443
484088 392404 449
53529 174678 383
505656 570485 470
593037 492465 470
491600 801423 509
800849 721030 468
372 929643 525
691798 817273 504
539232 694310 509
167552 796621 509
502968 602371 470
423344 694740 509
679792 218625 509
626531 343109 509
967086 945220 414
5988 686200 509
466197 898859 525
439271 876591 525
258999 43688 443
641699 16174 509
736247 9630 509
580805 795560 509
372806 145333 443
329408 509846 449
974039 721145 525
753146 121466 509
56443 950144 525
840953 444957 525
281463 436804 449
208130 920881 525
283323 343582 389
713503 693162 504
745557 289086 509
534213 573745 452
668210 891944 525
800353 601856 509
257089 469251 449
602016 713223 509
238578 451241 449
771149 509920 509
98514 79299 333
368290 235019 441
922752 888541 476
235841 576379 470
451151 143323 449
504720 746566 509
334413 97752 443
896530 888298 370
522616 973878 525
568974 965824 525
591388 254722 470
848781 396556 525
669697 547689 509
979382 500942 525
410949 852514 525
831141 721358 468
729382 78220 509
453606 993266 525
195684 1613 383
892505 850875 445
132609 726736 509
155940 843087 525
408536 881069 525
857913 21451 525
732927 819550 468
944607 733070 525
296620 94511 443
173809 106078 383
931276 784208 525
272942 585974 470
137217 684145 509
469021 340481 449
203951 73146 383
172884 704206 509
710857 553686 509
937328 939474 445
75961 384099 443
574617 862905 525
615828 190423 470
565056 448594 470
972024 571528 525
285067 545692 470
80678 80337 245
373355 105578 443
987991 244970 525
66482 545730 470
416708 999987 525
339127 104092 443
232434 176449 443
934959 471836 525
73513 297295 443
275306 74869 443
970316 867897 507
114742 379068 443
265662 532529 470
697909 876187 525
855159 920735 476
436859 618998 470
239474 438051 449
61343 622234 470
972228 721787 525
165548 252628 443
650943 571267 509
331275 155283 443
487963 240055 449
231879 609057 470
973832 22738 525
621870 571465 447
918001 943828 507
895881 925577 476
200581 988527 525
309538 386990 441
212488 701216 509
436026 621006 470
177604 652031 509
109116 750676 509
402613 792896 509
648641 606800 509
957328 962497 414
439901 178101 449
125425 569531 470
243946 712911 509
622059 113479 470
498769 745164 509
159361 723871 509
67863 236168 443
756969 901513 525
923480 703662 525
417334 776888 509
799019 206373 509
