1 10 20
100 200 125
201 210 89
900 1000 174
1 1 1
2 2 2
1 2 2
2 3 8
2 1 2
3 1 8
1003 535 179
124 4532 238
32 44 110
235 666 145
234 3221 217
9 44 112
24 185 125
599 5234 238
34 5256 238
12 5929 238
434 3453 217
435 1456 182
323 1111 179
234 2352 183
999 2231 183
494 1 144
192 111111 354
2924 444 217
2932 111 217
349 2433 183
339 2222 182
39291 192929 383
392 1111 179
1 9 20
1 4 8
9 345 144
12 3435 217
135 222 125
495 145 144
2949 9999 262
28 242 128
21 55 113
10 29 112
19 444 144
5939 99999 351
3 34 112
1 10 20
294 439 144
291 444 144
28 88 116
11 22 21
22 33 112
11 44 112
11 55 113
11 66 113
11 77 116
11 88 116
11 99 119
1 7 17
21 44 112
14 626 144
524 224 144
4 55 113
1 22 21
1 44 112
1 55 113
1 66 113
44 11 112
43 11 112
456 43 144
135 2222 182
49 3939 238
101 10101 262
111 11111 268
2 4 8
2 8 17
2 16 20
49 929 179
14 1519 182
34 1462 182
13825 22222 279
82 888 179
8219 34346 311
182 2281 183
2841 11111 268
182 1111 179
35 245 128
2 56 113
5 245 128
2 3235 217
2 55 113
35 555 144
6 367 144
3567 2457 217
2456 2456 41
373 53657 340
37 37 22
35 345346 443
373657 356735 410
56736 3555 340
5645 44544 324
4563 5644 236
456 34634 311
3634 3463 194
3463 3463 106
64 444 144
4346 64 238
