1 10 20
100 200 125
201 210 89
900 1000 174
1 1 1
20 20 8
578219 297098 470
390830 316714 441
132069 154003 375
224119 727587 509
133463 308558 443
491648 899327 525
184390 167707 365
591661 235000 470
497604 367808 449
358116 726747 509
820931 936329 525
499236 110316 449
753213 980157 525
770698 55621 509
35629 351338 443
563962 356908 470
279287 279642 239
906768 374947 525
583097 346307 470
163415 729053 509
407561 746023 509
744490 758541 424
326372 236698 407
935638 499469 525
940256 498731 525
109040 649600 509
725905 944225 525
340489 188816 443
215056 235524 443
867766 717695 525
272968 770250 509
831601 281405 509
670989 455610 509
276355 413911 449
137597 964410 525
368749 483602 449
472125 745187 509
567678 508183 470
143878 483346 449
277173 278517 389
648915 248758 509
583180 671138 509
211549 726640 509
348257 729716 509
461732 89162 449
330748 251532 407
351852 960632 525
684102 504777 509
70653 502529 449
9930 42998 324
27957 283683 443
300964 121685 443
668253 606457 509
319570 394979 441
175350 650854 509
106728 117273 349
656221 640801 416
401307 401930 299
531774 831116 509
855258 367089 525
162709 559480 470
915995 586829 525
499420 631335 509
698111 352075 509
373745 212013 443
592359 648351 509
395829 3329 443
241061 894522 525
8687 689949 509
762436 859640 525
476635 75803 449
981774 295472 525
99400 181303 383
10087 346292 443
830961 526465 509
952443 728589 525
533469 786663 509
808704 359975 509
256180 248267 363
36399 636050 509
239769 157795 443
259004 688268 509
650295 54686 509
123303 811180 509
991198 355886 525
349785 503462 449
404841 59576 443
867872 791808 525
521156 844128 525
400004 332133 441
338881 169815 443
748927 805491 468
116785 494955 449
173230 38421 383
472849 694249 509
614953 799392 509
830473 753342 468
521312 617568 452
665303 949038 525
15223 21353 279
50514 748237 509
786173 969279 525
57772 780123 509
511847 76502 449
427717 221696 449
348905 909855 525
78905 37845 351
942452 226473 525
432637 315720 449
268222 320394 407
5676 660793 509
754034 297145 509
684023 95744 509
61078 997228 525
18055 14017 279
148758 330705 443
582638 586861 434
149329 305010 443
102579 779761 509
341964 76677 443
61873 699337 509
8263 661181 509
653717 483976 509
649738 230299 509
275948 408934 441
389529 775828 509
573350 616578 447
534679 182598 470
379703 425428 449
725467 833870 468
776609 392006 509
909228 50290 525
984278 814553 525
180915 504973 449
168824 773836 509
386779 469524 449
530442 83486 470
487007 6886 449
431031 87126 449
662626 757339 504
102275 837546 509
